# Tue Feb 14 11:05:51 2017
# Schema: onelinen_esquimalt-firefighters  Last_errno: 0  Killed: 0
# Query_time: 1.275971  Lock_time: 0.000000  Rows_sent: 0  Rows_examined: 0  Rows_affected: 0
# Bytes_sent: 11
use onelinen_esquimalt-firefighters;
SET timestamp=1487095551

# Tue Feb 14 11:45:07 2017
# Schema: onelinen_esquimalt-firefighters  Last_errno: 0  Killed: 0
# Query_time: 1.769718  Lock_time: 0.000000  Rows_sent: 0  Rows_examined: 0  Rows_affected: 0
# Bytes_sent: 11
use onelinen_esquimalt-firefighters;
SET timestamp=1487097907

# Tue Feb 14 11:45:13 2017
# Schema: onelinen_esquimalt-firefighters  Last_errno: 0  Killed: 0
# Query_time: 3.648288  Lock_time: 0.000000  Rows_sent: 0  Rows_examined: 0  Rows_affected: 0
# Bytes_sent: 11
use onelinen_esquimalt-firefighters;
SET timestamp=1487097913

# Tue Feb 14 11:55:28 2017
# Schema: onelinen_esquimalt-firefighters  Last_errno: 0  Killed: 0
# Query_time: 1.312151  Lock_time: 0.000000  Rows_sent: 0  Rows_examined: 0  Rows_affected: 0
# Bytes_sent: 11
use onelinen_esquimalt-firefighters;
SET timestamp=1487098528

