# Thu Feb 16 13:35:07 2017
# Schema: onelinen_esquimalt-firefighters  Last_errno: 0  Killed: 0
# Query_time: 1.604550  Lock_time: 0.000000  Rows_sent: 0  Rows_examined: 0  Rows_affected: 0
# Bytes_sent: 11
use onelinen_esquimalt-firefighters;
SET timestamp=1487277307

# Thu Feb 16 13:35:24 2017
# Schema: onelinen_esquimalt-firefighters  Last_errno: 0  Killed: 0
# Query_time: 1.295384  Lock_time: 0.000000  Rows_sent: 0  Rows_examined: 0  Rows_affected: 0
# Bytes_sent: 11
use onelinen_esquimalt-firefighters;
SET timestamp=1487277324

# Thu Feb 16 13:50:06 2017
# Schema: onelinen_esquimalt-firefighters  Last_errno: 0  Killed: 0
# Query_time: 1.893962  Lock_time: 0.000000  Rows_sent: 0  Rows_examined: 0  Rows_affected: 0
# Bytes_sent: 11
use onelinen_esquimalt-firefighters;
SET timestamp=1487278206

# Thu Feb 16 13:55:15 2017
# Schema: onelinen_esquimalt-firefighters  Last_errno: 0  Killed: 0
# Query_time: 2.017681  Lock_time: 0.000000  Rows_sent: 0  Rows_examined: 0  Rows_affected: 0
# Bytes_sent: 11
use onelinen_esquimalt-firefighters;
SET timestamp=1487278515

