# Thu Mar  2 14:15:36 2017
# Schema: onelinen_esquimalt-firefighters  Last_errno: 0  Killed: 0
# Query_time: 1.434497  Lock_time: 0.000000  Rows_sent: 0  Rows_examined: 0  Rows_affected: 0
# Bytes_sent: 11
use onelinen_esquimalt-firefighters;
SET timestamp=1488489336

# Thu Mar  2 14:35:19 2017
# Schema: onelinen_esquimalt-firefighters  Last_errno: 0  Killed: 0
# Query_time: 1.550003  Lock_time: 0.000000  Rows_sent: 0  Rows_examined: 0  Rows_affected: 0
# Bytes_sent: 11
use onelinen_esquimalt-firefighters;
SET timestamp=1488490519

# Thu Mar  2 14:35:33 2017
# Schema: onelinen_esquimalt-firefighters  Last_errno: 0  Killed: 0
# Query_time: 2.324857  Lock_time: 0.000000  Rows_sent: 0  Rows_examined: 0  Rows_affected: 0
# Bytes_sent: 11
use onelinen_esquimalt-firefighters;
SET timestamp=1488490533

# Thu Mar  2 14:45:29 2017
# Schema: onelinen_esquimalt-firefighters  Last_errno: 0  Killed: 0
# Query_time: 1.286013  Lock_time: 0.000000  Rows_sent: 0  Rows_examined: 0  Rows_affected: 0
# Bytes_sent: 11
use onelinen_esquimalt-firefighters;
SET timestamp=1488491129

